# JRE version: OpenJDK Runtime Environment Temurin-21.0.9+10 (21.0.9+10) (build 21.0.9+10-LTS)
# Java VM: OpenJDK 64-Bit Server VM Temurin-21.0.9+10 (21.0.9+10-LTS, mixed mode, sharing, tiered, compressed oops, compressed class ptrs, parallel gc, windows-amd64)
GC Precious Log:
 CardTable entry size: 512
 CPUs: 12 total, 12 available
 Memory: 8013M
 Large Page Support: Disabled
 NUMA Support: Disabled
 Compressed Oops: Enabled (32-bit)
 Alignments: Space 512K, Generation 512K, Heap 2M
 Heap Min Capacity: 100M
 Heap Initial Capacity: 100M
 Heap Max Capacity: 2G
 Pre-touch: Disabled
 Parallel Workers: 10
Heap:
 PSYoungGen      total 2048K, used 2005K [0x00000000d5580000, 0x00000000d5a00000, 0x0000000100000000)
  eden space 1536K, 97% used [0x00000000d5580000,0x00000000d56f5770,0x00000000d5700000)
  from space 512K, 100% used [0x00000000d5900000,0x00000000d5980000,0x00000000d5980000)
  to   space 512K, 0% used [0x00000000d5980000,0x00000000d5980000,0x00000000d5a00000)
 ParOldGen       total 472576K, used 140320K [0x0000000080000000, 0x000000009cd80000, 0x00000000d5580000)
  object space 472576K, 29% used [0x0000000080000000,0x0000000088908268,0x000000009cd80000)
 Metaspace       used 75261K, committed 77056K, reserved 1179648K
  class space    used 7799K, committed 8576K, reserved 1048576K
GC Heap History (20 events):
Event: 133.928 GC heap before
{Heap before GC invocations=554 (full 3):
 PSYoungGen      total 2048K, used 895K [0x00000000d5580000, 0x00000000d5a00000, 0x0000000100000000)
  eden space 1536K, 35% used [0x00000000d5580000,0x00000000d5607e68,0x00000000d5700000)
  from space 512K, 68% used [0x00000000d5980000,0x00000000d59d8000,0x00000000d5a00000)
  to   space 512K, 0% used [0x00000000d5900000,0x00000000d5900000,0x00000000d5980000)
 ParOldGen       total 472576K, used 472261K [0x0000000080000000, 0x000000009cd80000, 0x00000000d5580000)
  object space 472576K, 99% used [0x0000000080000000,0x000000009cd31590,0x000000009cd80000)
 Metaspace       used 75203K, committed 76992K, reserved 1179648K
  class space    used 7805K, committed 8576K, reserved 1048576K
}
Event: 133.930 GC heap after
{Heap after GC invocations=554 (full 3):
 PSYoungGen      total 2048K, used 320K [0x00000000d5580000, 0x00000000d5a00000, 0x0000000100000000)
  eden space 1536K, 0% used [0x00000000d5580000,0x00000000d5580000,0x00000000d5700000)
  from space 512K, 62% used [0x00000000d5900000,0x00000000d5950000,0x00000000d5980000)
  to   space 512K, 0% used [0x00000000d5980000,0x00000000d5980000,0x00000000d5a00000)
 ParOldGen       total 472576K, used 472506K [0x0000000080000000, 0x000000009cd80000, 0x00000000d5580000)
  object space 472576K, 99% used [0x0000000080000000,0x000000009cd6e840,0x000000009cd80000)
 Metaspace       used 75203K, committed 76992K, reserved 1179648K
  class space    used 7805K, committed 8576K, reserved 1048576K
}
Event: 133.930 GC heap before
{Heap before GC invocations=555 (full 4):
 PSYoungGen      total 2048K, used 320K [0x00000000d5580000, 0x00000000d5a00000, 0x0000000100000000)
  eden space 1536K, 0% used [0x00000000d5580000,0x00000000d5580000,0x00000000d5700000)
  from space 512K, 62% used [0x00000000d5900000,0x00000000d5950000,0x00000000d5980000)
  to   space 512K, 0% used [0x00000000d5980000,0x00000000d5980000,0x00000000d5a00000)
 ParOldGen       total 472576K, used 472506K [0x0000000080000000, 0x000000009cd80000, 0x00000000d5580000)
  object space 472576K, 99% used [0x0000000080000000,0x000000009cd6e840,0x000000009cd80000)
 Metaspace       used 75203K, committed 76992K, reserved 1179648K
  class space    used 7805K, committed 8576K, reserved 1048576K
}
Event: 134.088 GC heap after
{Heap after GC invocations=555 (full 4):
 PSYoungGen      total 2048K, used 0K [0x00000000d5580000, 0x00000000d5a00000, 0x0000000100000000)
  eden space 1536K, 0% used [0x00000000d5580000,0x00000000d5580000,0x00000000d5700000)
  from space 512K, 0% used [0x00000000d5900000,0x00000000d5900000,0x00000000d5980000)
  to   space 512K, 0% used [0x00000000d5980000,0x00000000d5980000,0x00000000d5a00000)
 ParOldGen       total 472576K, used 138646K [0x0000000080000000, 0x000000009cd80000, 0x00000000d5580000)
  object space 472576K, 29% used [0x0000000080000000,0x0000000088765908,0x000000009cd80000)
 Metaspace       used 75180K, committed 76992K, reserved 1179648K
  class space    used 7799K, committed 8576K, reserved 1048576K
}
Event: 134.105 GC heap before
{Heap before GC invocations=556 (full 4):
 PSYoungGen      total 2048K, used 1536K [0x00000000d5580000, 0x00000000d5a00000, 0x0000000100000000)
  eden space 1536K, 100% used [0x00000000d5580000,0x00000000d5700000,0x00000000d5700000)
  from space 512K, 0% used [0x00000000d5900000,0x00000000d5900000,0x00000000d5980000)
  to   space 512K, 0% used [0x00000000d5980000,0x00000000d5980000,0x00000000d5a00000)
 ParOldGen       total 472576K, used 138646K [0x0000000080000000, 0x000000009cd80000, 0x00000000d5580000)
  object space 472576K, 29% used [0x0000000080000000,0x0000000088765908,0x000000009cd80000)
 Metaspace       used 75191K, committed 76992K, reserved 1179648K
  class space    used 7799K, committed 8576K, reserved 1048576K
}
Event: 134.107 GC heap after
{Heap after GC invocations=556 (full 4):
 PSYoungGen      total 2048K, used 480K [0x00000000d5580000, 0x00000000d5a00000, 0x0000000100000000)
  eden space 1536K, 0% used [0x00000000d5580000,0x00000000d5580000,0x00000000d5700000)
  from space 512K, 93% used [0x00000000d5980000,0x00000000d59f8000,0x00000000d5a00000)
  to   space 512K, 0% used [0x00000000d5900000,0x00000000d5900000,0x00000000d5980000)
 ParOldGen       total 472576K, used 138646K [0x0000000080000000, 0x000000009cd80000, 0x00000000d5580000)
  object space 472576K, 29% used [0x0000000080000000,0x0000000088765908,0x000000009cd80000)
 Metaspace       used 75191K, committed 76992K, reserved 1179648K
  class space    used 7799K, committed 8576K, reserved 1048576K
}
Event: 134.119 GC heap before
{Heap before GC invocations=557 (full 4):
 PSYoungGen      total 2048K, used 2016K [0x00000000d5580000, 0x00000000d5a00000, 0x0000000100000000)
  eden space 1536K, 100% used [0x00000000d5580000,0x00000000d5700000,0x00000000d5700000)
  from space 512K, 93% used [0x00000000d5980000,0x00000000d59f8000,0x00000000d5a00000)
  to   space 512K, 0% used [0x00000000d5900000,0x00000000d5900000,0x00000000d5980000)
 ParOldGen       total 472576K, used 138646K [0x0000000080000000, 0x000000009cd80000, 0x00000000d5580000)
  object space 472576K, 29% used [0x0000000080000000,0x0000000088765908,0x000000009cd80000)
 Metaspace       used 75224K, committed 76992K, reserved 1179648K
  class space    used 7799K, committed 8576K, reserved 1048576K
}
Event: 134.120 GC heap after
{Heap after GC invocations=557 (full 4):
 PSYoungGen      total 2048K, used 404K [0x00000000d5580000, 0x00000000d5a00000, 0x0000000100000000)
  eden space 1536K, 0% used [0x00000000d5580000,0x00000000d5580000,0x00000000d5700000)
  from space 512K, 79% used [0x00000000d5900000,0x00000000d5965200,0x00000000d5980000)
  to   space 512K, 0% used [0x00000000d5980000,0x00000000d5980000,0x00000000d5a00000)
 ParOldGen       total 472576K, used 138978K [0x0000000080000000, 0x000000009cd80000, 0x00000000d5580000)
  object space 472576K, 29% used [0x0000000080000000,0x00000000887b8938,0x000000009cd80000)
 Metaspace       used 75224K, committed 76992K, reserved 1179648K
  class space    used 7799K, committed 8576K, reserved 1048576K
}
Event: 134.128 GC heap before
{Heap before GC invocations=558 (full 4):
 PSYoungGen      total 2048K, used 1940K [0x00000000d5580000, 0x00000000d5a00000, 0x0000000100000000)
  eden space 1536K, 100% used [0x00000000d5580000,0x00000000d5700000,0x00000000d5700000)
  from space 512K, 79% used [0x00000000d5900000,0x00000000d5965200,0x00000000d5980000)
  to   space 512K, 0% used [0x00000000d5980000,0x00000000d5980000,0x00000000d5a00000)
 ParOldGen       total 472576K, used 138978K [0x0000000080000000, 0x000000009cd80000, 0x00000000d5580000)
  object space 472576K, 29% used [0x0000000080000000,0x00000000887b8938,0x000000009cd80000)
 Metaspace       used 75229K, committed 76992K, reserved 1179648K
  class space    used 7799K, committed 8576K, reserved 1048576K
}
Event: 134.128 GC heap after
{Heap after GC invocations=558 (full 4):
 PSYoungGen      total 2048K, used 512K [0x00000000d5580000, 0x00000000d5a00000, 0x0000000100000000)
  eden space 1536K, 0% used [0x00000000d5580000,0x00000000d5580000,0x00000000d5700000)
  from space 512K, 100% used [0x00000000d5980000,0x00000000d5a00000,0x00000000d5a00000)
  to   space 1024K, 0% used [0x00000000d5800000,0x00000000d5800000,0x00000000d5900000)
 ParOldGen       total 472576K, used 139196K [0x0000000080000000, 0x000000009cd80000, 0x00000000d5580000)
  object space 472576K, 29% used [0x0000000080000000,0x00000000887ef2b8,0x000000009cd80000)
 Metaspace       used 75229K, committed 76992K, reserved 1179648K
  class space    used 7799K, committed 8576K, reserved 1048576K
}
Event: 134.137 GC heap before
{Heap before GC invocations=559 (full 4):
 PSYoungGen      total 2048K, used 2048K [0x00000000d5580000, 0x00000000d5a00000, 0x0000000100000000)
  eden space 1536K, 100% used [0x00000000d5580000,0x00000000d5700000,0x00000000d5700000)
  from space 512K, 100% used [0x00000000d5980000,0x00000000d5a00000,0x00000000d5a00000)
  to   space 1024K, 0% used [0x00000000d5800000,0x00000000d5800000,0x00000000d5900000)
 ParOldGen       total 472576K, used 139196K [0x0000000080000000, 0x000000009cd80000, 0x00000000d5580000)
  object space 472576K, 29% used [0x0000000080000000,0x00000000887ef2b8,0x000000009cd80000)
 Metaspace       used 75230K, committed 76992K, reserved 1179648K
  class space    used 7799K, committed 8576K, reserved 1048576K
}
Event: 134.138 GC heap after
{Heap after GC invocations=559 (full 4):
 PSYoungGen      total 2560K, used 320K [0x00000000d5580000, 0x00000000d5a00000, 0x0000000100000000)
  eden space 1536K, 0% used [0x00000000d5580000,0x00000000d5580000,0x00000000d5700000)
  from space 1024K, 31% used [0x00000000d5800000,0x00000000d5850000,0x00000000d5900000)
  to   space 512K, 0% used [0x00000000d5980000,0x00000000d5980000,0x00000000d5a00000)
 ParOldGen       total 472576K, used 139560K [0x0000000080000000, 0x000000009cd80000, 0x00000000d5580000)
  object space 472576K, 29% used [0x0000000080000000,0x000000008884a208,0x000000009cd80000)
 Metaspace       used 75230K, committed 76992K, reserved 1179648K
  class space    used 7799K, committed 8576K, reserved 1048576K
}
Event: 134.140 GC heap before
{Heap before GC invocations=560 (full 4):
 PSYoungGen      total 2560K, used 1856K [0x00000000d5580000, 0x00000000d5a00000, 0x0000000100000000)
  eden space 1536K, 100% used [0x00000000d5580000,0x00000000d5700000,0x00000000d5700000)
  from space 1024K, 31% used [0x00000000d5800000,0x00000000d5850000,0x00000000d5900000)
  to   space 512K, 0% used [0x00000000d5980000,0x00000000d5980000,0x00000000d5a00000)
 ParOldGen       total 472576K, used 139560K [0x0000000080000000, 0x000000009cd80000, 0x00000000d5580000)
  object space 472576K, 29% used [0x0000000080000000,0x000000008884a208,0x000000009cd80000)
 Metaspace       used 75231K, committed 76992K, reserved 1179648K
  class space    used 7799K, committed 8576K, reserved 1048576K
}
Event: 134.140 GC heap after
{Heap after GC invocations=560 (full 4):
 PSYoungGen      total 2048K, used 288K [0x00000000d5580000, 0x00000000d5a00000, 0x0000000100000000)
  eden space 1536K, 0% used [0x00000000d5580000,0x00000000d5580000,0x00000000d5700000)
  from space 512K, 56% used [0x00000000d5980000,0x00000000d59c8020,0x00000000d5a00000)
  to   space 512K, 0% used [0x00000000d5900000,0x00000000d5900000,0x00000000d5980000)
 ParOldGen       total 472576K, used 139776K [0x0000000080000000, 0x000000009cd80000, 0x00000000d5580000)
  object space 472576K, 29% used [0x0000000080000000,0x0000000088880228,0x000000009cd80000)
 Metaspace       used 75231K, committed 76992K, reserved 1179648K
  class space    used 7799K, committed 8576K, reserved 1048576K
}
Event: 134.146 GC heap before
{Heap before GC invocations=561 (full 4):
 PSYoungGen      total 2048K, used 1824K [0x00000000d5580000, 0x00000000d5a00000, 0x0000000100000000)
  eden space 1536K, 100% used [0x00000000d5580000,0x00000000d5700000,0x00000000d5700000)
  from space 512K, 56% used [0x00000000d5980000,0x00000000d59c8020,0x00000000d5a00000)
  to   space 512K, 0% used [0x00000000d5900000,0x00000000d5900000,0x00000000d5980000)
 ParOldGen       total 472576K, used 139776K [0x0000000080000000, 0x000000009cd80000, 0x00000000d5580000)
  object space 472576K, 29% used [0x0000000080000000,0x0000000088880228,0x000000009cd80000)
 Metaspace       used 75231K, committed 76992K, reserved 1179648K
  class space    used 7799K, committed 8576K, reserved 1048576K
}
Event: 134.147 GC heap after
{Heap after GC invocations=561 (full 4):
 PSYoungGen      total 2048K, used 320K [0x00000000d5580000, 0x00000000d5a00000, 0x0000000100000000)
  eden space 1536K, 0% used [0x00000000d5580000,0x00000000d5580000,0x00000000d5700000)
  from space 512K, 62% used [0x00000000d5900000,0x00000000d5950000,0x00000000d5980000)
  to   space 512K, 0% used [0x00000000d5980000,0x00000000d5980000,0x00000000d5a00000)
 ParOldGen       total 472576K, used 139944K [0x0000000080000000, 0x000000009cd80000, 0x00000000d5580000)
  object space 472576K, 29% used [0x0000000080000000,0x00000000888aa248,0x000000009cd80000)
 Metaspace       used 75231K, committed 76992K, reserved 1179648K
  class space    used 7799K, committed 8576K, reserved 1048576K
}
Event: 134.153 GC heap before
{Heap before GC invocations=562 (full 4):
 PSYoungGen      total 2048K, used 1856K [0x00000000d5580000, 0x00000000d5a00000, 0x0000000100000000)
  eden space 1536K, 100% used [0x00000000d5580000,0x00000000d5700000,0x00000000d5700000)
  from space 512K, 62% used [0x00000000d5900000,0x00000000d5950000,0x00000000d5980000)
  to   space 512K, 0% used [0x00000000d5980000,0x00000000d5980000,0x00000000d5a00000)
 ParOldGen       total 472576K, used 139944K [0x0000000080000000, 0x000000009cd80000, 0x00000000d5580000)
  object space 472576K, 29% used [0x0000000080000000,0x00000000888aa248,0x000000009cd80000)
 Metaspace       used 75233K, committed 76992K, reserved 1179648K
  class space    used 7799K, committed 8576K, reserved 1048576K
}
Event: 134.153 GC heap after
{Heap after GC invocations=562 (full 4):
 PSYoungGen      total 2048K, used 320K [0x00000000d5580000, 0x00000000d5a00000, 0x0000000100000000)
  eden space 1536K, 0% used [0x00000000d5580000,0x00000000d5580000,0x00000000d5700000)
  from space 512K, 62% used [0x00000000d5980000,0x00000000d59d0000,0x00000000d5a00000)
  to   space 512K, 0% used [0x00000000d5900000,0x00000000d5900000,0x00000000d5980000)
 ParOldGen       total 472576K, used 140080K [0x0000000080000000, 0x000000009cd80000, 0x00000000d5580000)
  object space 472576K, 29% used [0x0000000080000000,0x00000000888cc248,0x000000009cd80000)
 Metaspace       used 75233K, committed 76992K, reserved 1179648K
  class space    used 7799K, committed 8576K, reserved 1048576K
}
Event: 134.166 GC heap before
{Heap before GC invocations=563 (full 4):
 PSYoungGen      total 2048K, used 1855K [0x00000000d5580000, 0x00000000d5a00000, 0x0000000100000000)
  eden space 1536K, 99% used [0x00000000d5580000,0x00000000d56fffc0,0x00000000d5700000)
  from space 512K, 62% used [0x00000000d5980000,0x00000000d59d0000,0x00000000d5a00000)
  to   space 512K, 0% used [0x00000000d5900000,0x00000000d5900000,0x00000000d5980000)
 ParOldGen       total 472576K, used 140080K [0x0000000080000000, 0x000000009cd80000, 0x00000000d5580000)
  object space 472576K, 29% used [0x0000000080000000,0x00000000888cc248,0x000000009cd80000)
 Metaspace       used 75242K, committed 76992K, reserved 1179648K
  class space    used 7799K, committed 8576K, reserved 1048576K
}
Event: 134.167 GC heap after
{Heap after GC invocations=563 (full 4):
 PSYoungGen      total 2048K, used 512K [0x00000000d5580000, 0x00000000d5a00000, 0x0000000100000000)
  eden space 1536K, 0% used [0x00000000d5580000,0x00000000d5580000,0x00000000d5700000)
  from space 512K, 100% used [0x00000000d5900000,0x00000000d5980000,0x00000000d5980000)
  to   space 512K, 0% used [0x00000000d5980000,0x00000000d5980000,0x00000000d5a00000)
 ParOldGen       total 472576K, used 140320K [0x0000000080000000, 0x000000009cd80000, 0x00000000d5580000)
  object space 472576K, 29% used [0x0000000080000000,0x0000000088908268,0x000000009cd80000)
 Metaspace       used 75242K, committed 76992K, reserved 1179648K
  class space    used 7799K, committed 8576K, reserved 1048576K
}

