# JRE version: OpenJDK Runtime Environment Temurin-17.0.8.1+1 (17.0.8.1+1) (build 17.0.8.1+1)
# Java VM: OpenJDK Client VM Temurin-17.0.8.1+1 (17.0.8.1+1, mixed mode, emulated-client, serial gc, windows-x86)
GC Precious Log:
 CPUs: 12 total, 12 available
 Memory: 8013M
 Large Page Support: Disabled
 NUMA Support: Disabled
 Compressed Oops: Disabled
 Heap Min Capacity: 6M
 Heap Initial Capacity: 16M
 Heap Max Capacity: 256M
 Pre-touch: Disabled
Heap:
 def new generation   total 11776K, used 6640K [0x05600000, 0x062c0000, 0x0ab50000)
  eden space 10496K,  54% used [0x05600000, 0x05b91210, 0x06040000)
  from space 1280K,  73% used [0x06180000, 0x0626af98, 0x062c0000)
  to   space 1280K,   0% used [0x06040000, 0x06040000, 0x06180000)
 tenured generation   total 25992K, used 18707K [0x0ab50000, 0x0c4b2000, 0x15600000)
   the space 25992K,  71% used [0x0ab50000, 0x0bd94d28, 0x0bd94e00, 0x0c4b2000)
 Metaspace       used 29868K, committed 30144K, reserved 32768K
GC Heap History (20 events):
Event: 2.830 GC heap before
{Heap before GC invocations=25 (full 1):
 def new generation   total 7168K, used 6880K [0x05600000, 0x05dc0000, 0x0ab50000)
  eden space 6400K, 100% used [0x05600000, 0x05c40000, 0x05c40000)
  from space 768K,  62% used [0x05c40000, 0x05cb8098, 0x05d00000)
  to   space 768K,   0% used [0x05d00000, 0x05d00000, 0x05dc0000)
 tenured generation   total 15840K, used 14803K [0x0ab50000, 0x0bac8000, 0x15600000)
   the space 15840K,  93% used [0x0ab50000, 0x0b9c4e08, 0x0b9c5000, 0x0bac8000)
 Metaspace       used 22027K, committed 22272K, reserved 32768K
}
Event: 2.833 GC heap after
{Heap after GC invocations=26 (full 1):
 def new generation   total 7168K, used 741K [0x05600000, 0x05dc0000, 0x0ab50000)
  eden space 6400K,   0% used [0x05600000, 0x05600000, 0x05c40000)
  from space 768K,  96% used [0x05d00000, 0x05db94a8, 0x05dc0000)
  to   space 768K,   0% used [0x05c40000, 0x05c40000, 0x05d00000)
 tenured generation   total 15840K, used 15244K [0x0ab50000, 0x0bac8000, 0x15600000)
   the space 15840K,  96% used [0x0ab50000, 0x0ba33040, 0x0ba33200, 0x0bac8000)
 Metaspace       used 22027K, committed 22272K, reserved 32768K
}
Event: 2.936 GC heap before
{Heap before GC invocations=26 (full 1):
 def new generation   total 7168K, used 7141K [0x05600000, 0x05dc0000, 0x0ab50000)
  eden space 6400K, 100% used [0x05600000, 0x05c40000, 0x05c40000)
  from space 768K,  96% used [0x05d00000, 0x05db94a8, 0x05dc0000)
  to   space 768K,   0% used [0x05c40000, 0x05c40000, 0x05d00000)
 tenured generation   total 15840K, used 15244K [0x0ab50000, 0x0bac8000, 0x15600000)
   the space 15840K,  96% used [0x0ab50000, 0x0ba33040, 0x0ba33200, 0x0bac8000)
 Metaspace       used 22678K, committed 22912K, reserved 32768K
}
Event: 2.939 GC heap after
{Heap after GC invocations=27 (full 1):
 def new generation   total 7168K, used 662K [0x05600000, 0x05dc0000, 0x0ab50000)
  eden space 6400K,   0% used [0x05600000, 0x05600000, 0x05c40000)
  from space 768K,  86% used [0x05c40000, 0x05ce5bb0, 0x05d00000)
  to   space 768K,   0% used [0x05d00000, 0x05d00000, 0x05dc0000)
 tenured generation   total 15968K, used 15964K [0x0ab50000, 0x0bae8000, 0x15600000)
   the space 15968K,  99% used [0x0ab50000, 0x0bae71e8, 0x0bae7200, 0x0bae8000)
 Metaspace       used 22678K, committed 22912K, reserved 32768K
}
Event: 2.939 GC heap before
{Heap before GC invocations=27 (full 1):
 def new generation   total 7168K, used 662K [0x05600000, 0x05dc0000, 0x0ab50000)
  eden space 6400K,   0% used [0x05600000, 0x05600000, 0x05c40000)
  from space 768K,  86% used [0x05c40000, 0x05ce5bb0, 0x05d00000)
  to   space 768K,   0% used [0x05d00000, 0x05d00000, 0x05dc0000)
 tenured generation   total 15968K, used 15964K [0x0ab50000, 0x0bae8000, 0x15600000)
   the space 15968K,  99% used [0x0ab50000, 0x0bae71e8, 0x0bae7200, 0x0bae8000)
 Metaspace       used 22678K, committed 22912K, reserved 32768K
}
Event: 2.960 GC heap after
{Heap after GC invocations=27 (full 2):
 def new generation   total 11776K, used 0K [0x05600000, 0x062c0000, 0x0ab50000)
  eden space 10496K,   0% used [0x05600000, 0x05600000, 0x06040000)
  from space 1280K,   0% used [0x06040000, 0x06040000, 0x06180000)
  to   space 1280K,   0% used [0x06180000, 0x06180000, 0x062c0000)
 tenured generation   total 25992K, used 15594K [0x0ab50000, 0x0c4b2000, 0x15600000)
   the space 25992K,  59% used [0x0ab50000, 0x0ba8a820, 0x0ba8aa00, 0x0c4b2000)
 Metaspace       used 22678K, committed 22912K, reserved 32768K
}
Event: 3.087 GC heap before
{Heap before GC invocations=27 (full 2):
 def new generation   total 11776K, used 10496K [0x05600000, 0x062c0000, 0x0ab50000)
  eden space 10496K, 100% used [0x05600000, 0x06040000, 0x06040000)
  from space 1280K,   0% used [0x06040000, 0x06040000, 0x06180000)
  to   space 1280K,   0% used [0x06180000, 0x06180000, 0x062c0000)
 tenured generation   total 25992K, used 15594K [0x0ab50000, 0x0c4b2000, 0x15600000)
   the space 25992K,  59% used [0x0ab50000, 0x0ba8a820, 0x0ba8aa00, 0x0c4b2000)
 Metaspace       used 24076K, committed 24320K, reserved 32768K
}
Event: 3.089 GC heap after
{Heap after GC invocations=28 (full 2):
 def new generation   total 11776K, used 565K [0x05600000, 0x062c0000, 0x0ab50000)
  eden space 10496K,   0% used [0x05600000, 0x05600000, 0x06040000)
  from space 1280K,  44% used [0x06180000, 0x0620d4c8, 0x062c0000)
  to   space 1280K,   0% used [0x06040000, 0x06040000, 0x06180000)
 tenured generation   total 25992K, used 15594K [0x0ab50000, 0x0c4b2000, 0x15600000)
   the space 25992K,  59% used [0x0ab50000, 0x0ba8a820, 0x0ba8aa00, 0x0c4b2000)
 Metaspace       used 24076K, committed 24320K, reserved 32768K
}
Event: 3.199 GC heap before
{Heap before GC invocations=28 (full 2):
 def new generation   total 11776K, used 11061K [0x05600000, 0x062c0000, 0x0ab50000)
  eden space 10496K, 100% used [0x05600000, 0x06040000, 0x06040000)
  from space 1280K,  44% used [0x06180000, 0x0620d4c8, 0x062c0000)
  to   space 1280K,   0% used [0x06040000, 0x06040000, 0x06180000)
 tenured generation   total 25992K, used 15594K [0x0ab50000, 0x0c4b2000, 0x15600000)
   the space 25992K,  59% used [0x0ab50000, 0x0ba8a820, 0x0ba8aa00, 0x0c4b2000)
 Metaspace       used 24971K, committed 25216K, reserved 32768K
}
Event: 3.202 GC heap after
{Heap after GC invocations=29 (full 2):
 def new generation   total 11776K, used 1268K [0x05600000, 0x062c0000, 0x0ab50000)
  eden space 10496K,   0% used [0x05600000, 0x05600000, 0x06040000)
  from space 1280K,  99% used [0x06040000, 0x0617d1f8, 0x06180000)
  to   space 1280K,   0% used [0x06180000, 0x06180000, 0x062c0000)
 tenured generation   total 25992K, used 15594K [0x0ab50000, 0x0c4b2000, 0x15600000)
   the space 25992K,  59% used [0x0ab50000, 0x0ba8a820, 0x0ba8aa00, 0x0c4b2000)
 Metaspace       used 24971K, committed 25216K, reserved 32768K
}
Event: 3.231 GC heap before
{Heap before GC invocations=29 (full 2):
 def new generation   total 11776K, used 11764K [0x05600000, 0x062c0000, 0x0ab50000)
  eden space 10496K, 100% used [0x05600000, 0x06040000, 0x06040000)
  from space 1280K,  99% used [0x06040000, 0x0617d1f8, 0x06180000)
  to   space 1280K,   0% used [0x06180000, 0x06180000, 0x062c0000)
 tenured generation   total 25992K, used 15594K [0x0ab50000, 0x0c4b2000, 0x15600000)
   the space 25992K,  59% used [0x0ab50000, 0x0ba8a820, 0x0ba8aa00, 0x0c4b2000)
 Metaspace       used 25007K, committed 25216K, reserved 32768K
}
Event: 3.235 GC heap after
{Heap after GC invocations=30 (full 2):
 def new generation   total 11776K, used 737K [0x05600000, 0x062c0000, 0x0ab50000)
  eden space 10496K,   0% used [0x05600000, 0x05600000, 0x06040000)
  from space 1280K,  57% used [0x06180000, 0x06238570, 0x062c0000)
  to   space 1280K,   0% used [0x06040000, 0x06040000, 0x06180000)
 tenured generation   total 25992K, used 16819K [0x0ab50000, 0x0c4b2000, 0x15600000)
   the space 25992K,  64% used [0x0ab50000, 0x0bbbcf48, 0x0bbbd000, 0x0c4b2000)
 Metaspace       used 25007K, committed 25216K, reserved 32768K
}
Event: 3.323 GC heap before
{Heap before GC invocations=30 (full 2):
 def new generation   total 11776K, used 11233K [0x05600000, 0x062c0000, 0x0ab50000)
  eden space 10496K, 100% used [0x05600000, 0x06040000, 0x06040000)
  from space 1280K,  57% used [0x06180000, 0x06238570, 0x062c0000)
  to   space 1280K,   0% used [0x06040000, 0x06040000, 0x06180000)
 tenured generation   total 25992K, used 16819K [0x0ab50000, 0x0c4b2000, 0x15600000)
   the space 25992K,  64% used [0x0ab50000, 0x0bbbcf48, 0x0bbbd000, 0x0c4b2000)
 Metaspace       used 25650K, committed 25920K, reserved 32768K
}
Event: 3.328 GC heap after
{Heap after GC invocations=31 (full 2):
 def new generation   total 11776K, used 876K [0x05600000, 0x062c0000, 0x0ab50000)
  eden space 10496K,   0% used [0x05600000, 0x05600000, 0x06040000)
  from space 1280K,  68% used [0x06040000, 0x0611b010, 0x06180000)
  to   space 1280K,   0% used [0x06180000, 0x06180000, 0x062c0000)
 tenured generation   total 25992K, used 17366K [0x0ab50000, 0x0c4b2000, 0x15600000)
   the space 25992K,  66% used [0x0ab50000, 0x0bc45a00, 0x0bc45a00, 0x0c4b2000)
 Metaspace       used 25650K, committed 25920K, reserved 32768K
}
Event: 3.437 GC heap before
{Heap before GC invocations=31 (full 2):
 def new generation   total 11776K, used 11372K [0x05600000, 0x062c0000, 0x0ab50000)
  eden space 10496K, 100% used [0x05600000, 0x06040000, 0x06040000)
  from space 1280K,  68% used [0x06040000, 0x0611b010, 0x06180000)
  to   space 1280K,   0% used [0x06180000, 0x06180000, 0x062c0000)
 tenured generation   total 25992K, used 17366K [0x0ab50000, 0x0c4b2000, 0x15600000)
   the space 25992K,  66% used [0x0ab50000, 0x0bc45a00, 0x0bc45a00, 0x0c4b2000)
 Metaspace       used 26917K, committed 27200K, reserved 32768K
}
Event: 3.440 GC heap after
{Heap after GC invocations=32 (full 2):
 def new generation   total 11776K, used 480K [0x05600000, 0x062c0000, 0x0ab50000)
  eden space 10496K,   0% used [0x05600000, 0x05600000, 0x06040000)
  from space 1280K,  37% used [0x06180000, 0x061f8180, 0x062c0000)
  to   space 1280K,   0% used [0x06040000, 0x06040000, 0x06180000)
 tenured generation   total 25992K, used 18235K [0x0ab50000, 0x0c4b2000, 0x15600000)
   the space 25992K,  70% used [0x0ab50000, 0x0bd1ecd8, 0x0bd1ee00, 0x0c4b2000)
 Metaspace       used 26917K, committed 27200K, reserved 32768K
}
Event: 3.543 GC heap before
{Heap before GC invocations=32 (full 2):
 def new generation   total 11776K, used 10976K [0x05600000, 0x062c0000, 0x0ab50000)
  eden space 10496K, 100% used [0x05600000, 0x06040000, 0x06040000)
  from space 1280K,  37% used [0x06180000, 0x061f8180, 0x062c0000)
  to   space 1280K,   0% used [0x06040000, 0x06040000, 0x06180000)
 tenured generation   total 25992K, used 18235K [0x0ab50000, 0x0c4b2000, 0x15600000)
   the space 25992K,  70% used [0x0ab50000, 0x0bd1ecd8, 0x0bd1ee00, 0x0c4b2000)
 Metaspace       used 28206K, committed 28480K, reserved 32768K
}
Event: 3.546 GC heap after
{Heap after GC invocations=33 (full 2):
 def new generation   total 11776K, used 1006K [0x05600000, 0x062c0000, 0x0ab50000)
  eden space 10496K,   0% used [0x05600000, 0x05600000, 0x06040000)
  from space 1280K,  78% used [0x06040000, 0x0613ba80, 0x06180000)
  to   space 1280K,   0% used [0x06180000, 0x06180000, 0x062c0000)
 tenured generation   total 25992K, used 18235K [0x0ab50000, 0x0c4b2000, 0x15600000)
   the space 25992K,  70% used [0x0ab50000, 0x0bd1ecd8, 0x0bd1ee00, 0x0c4b2000)
 Metaspace       used 28206K, committed 28480K, reserved 32768K
}
Event: 3.683 GC heap before
{Heap before GC invocations=33 (full 2):
 def new generation   total 11776K, used 11502K [0x05600000, 0x062c0000, 0x0ab50000)
  eden space 10496K, 100% used [0x05600000, 0x06040000, 0x06040000)
  from space 1280K,  78% used [0x06040000, 0x0613ba80, 0x06180000)
  to   space 1280K,   0% used [0x06180000, 0x06180000, 0x062c0000)
 tenured generation   total 25992K, used 18235K [0x0ab50000, 0x0c4b2000, 0x15600000)
   the space 25992K,  70% used [0x0ab50000, 0x0bd1ecd8, 0x0bd1ee00, 0x0c4b2000)
 Metaspace       used 29387K, committed 29632K, reserved 32768K
}
Event: 3.687 GC heap after
{Heap after GC invocations=34 (full 2):
 def new generation   total 11776K, used 939K [0x05600000, 0x062c0000, 0x0ab50000)
  eden space 10496K,   0% used [0x05600000, 0x05600000, 0x06040000)
  from space 1280K,  73% used [0x06180000, 0x0626af98, 0x062c0000)
  to   space 1280K,   0% used [0x06040000, 0x06040000, 0x06180000)
 tenured generation   total 25992K, used 18707K [0x0ab50000, 0x0c4b2000, 0x15600000)
   the space 25992K,  71% used [0x0ab50000, 0x0bd94d28, 0x0bd94e00, 0x0c4b2000)
 Metaspace       used 29387K, committed 29632K, reserved 32768K
}

